Start testing: Apr 08 12:31 RTZ 2 (зима)
----------------------------------------------------------
Test not available without configuration.  (Missing "-C <config>"?)
1/1 Testing: StackTest
1/1 Test: StackTest
Command: "NOT_AVAILABLE"
Directory: C:/vs code/Stack/build
"StackTest" start time: 
Output:
----------------------------------------------------------
<end of output>
Test time =   0.00 sec
----------------------------------------------------------
Test Passed.
"StackTest" end time: Apr 08 12:31 RTZ 2 (зима)
"StackTest" time elapsed: 00:00:00
----------------------------------------------------------

End testing: Apr 08 12:31 RTZ 2 (зима)
